2013-08-27 16:34:47,654 ERROR NPJPRG050 JPJPRG05006 exec:44185236 | EFW2009:一意制約エラーが発生しましたが、スキップが指定されました。
org.springframework.dao.DuplicateKeyException: 
### Error updating database.  Cause: java.sql.SQLIntegrityConstraintViolationException: ORA-00001: 一意制約(PJ_TEST02.PK_PJTR_PJ_PRJ_EVM_SUM_SNAP)に反しています

### The error may involve jp.co.ctc_g.pjnavi.cm.integration.mybatis.PjtrPjPrjEvmSumSnapEntityJobDaoImpl.insertOne-Inline
### The error occurred while setting parameters
### SQL: /* jp.co.ctc_g.pjnavi.cm.integration.mybatis.PjtrPjPrjEvmSumSnapEntityJobDaoImpl.insertOne */     insert into PJTR_PJ_PRJ_EVM_SUM_SNAP (                     PRJ_CD,                   RPT_BSDT,                   SI_DEAL_CD,                   PLN_STR_DT,                   PLN_END_DT,                   RSLT_STR_DT,                               FCT_CMP_MNHOUR,                   DELAY_DAYS,                   SPI,                   CPI,                   ACC_RATE,                   PLN_ACC_RATE,                   BAC,                   PV,                   EV,                   AC,                   EAC,                   ETC,                   VAC,                   SV,                   CV,                   BAC_PRICE,                   PV_PRICE,                   EV_PRICE,                   AC_PRICE,                   EAC_PRICE,                   ETC_PRICE,                   VAC_PRICE,                   SV_PRICE,                   CV_PRICE,                   AC2_PRICE,                   EAC2_PRICE,                   ETC2_PRICE,                   VAC2_PRICE,                   CV2_PRICE,                   FCT_FLG,                   PLN_END_AF_FLG,                   CMP_AF_FLG,             DEL_FLG,       REG_TS,       REG_USR_ID,       REG_PGM_ID,       UPD_TS,       UPD_USR_ID,       UPD_PGM_ID,       VER_NO         ) values (                     ? ,                   ? ,                   ? ,                   ? ,                   ? ,                   ? ,                               ? ,                   ? ,                   ? ,                   ? ,                   ? ,                   ? ,                   ? ,                   ? ,                   ? ,                   ? ,                   ? ,                   ? ,                   ? ,                   ? ,                   ? ,                   ? ,                   ? ,                   ? ,                   ? ,                   ? ,                   ? ,                   ? ,                   ? ,                   ? ,                   ? ,                   ? ,                   ? ,                   ? ,                   ? ,                   ? ,                   ? ,                   ? ,                   '0',             ?,       ?,       ?,       ?,       ?,       ?,       1         )
### Cause: java.sql.SQLIntegrityConstraintViolationException: ORA-00001: 一意制約(PJ_TEST02.PK_PJTR_PJ_PRJ_EVM_SUM_SNAP)に反しています

; SQL []; ORA-00001: 一意制約(PJ_TEST02.PK_PJTR_PJ_PRJ_EVM_SUM_SNAP)に反しています
; nested exception is java.sql.SQLIntegrityConstraintViolationException: ORA-00001: 一意制約(PJ_TEST02.PK_PJTR_PJ_PRJ_EVM_SUM_SNAP)に反しています

	at org.springframework.jdbc.support.SQLErrorCodeSQLExceptionTranslator.doTranslate(SQLErrorCodeSQLExceptionTranslator.java:241)
	at org.springframework.jdbc.support.AbstractFallbackSQLExceptionTranslator.translate(AbstractFallbackSQLExceptionTranslator.java:72)
	at org.mybatis.spring.MyBatisExceptionTranslator.translateExceptionIfPossible(MyBatisExceptionTranslator.java:71)
	at org.mybatis.spring.SqlSessionTemplate$SqlSessionInterceptor.invoke(SqlSessionTemplate.java:365)
	at com.sun.proxy.$Proxy20.insert(Unknown Source)
	at org.mybatis.spring.SqlSessionTemplate.insert(SqlSessionTemplate.java:237)
	at jp.co.ctc_g.pjnavi.cm.integration.mybatis.PjtrPjPrjEvmSumSnapEntityJobDaoImpl.createInner(PjtrPjPrjEvmSumSnapEntityJobDaoImpl.java:131)
	at jp.co.ctc_g.pjnavi.cm.integration.mybatis.PjtrPjPrjEvmSumSnapEntityJobDaoImpl.insertOneNotNull(PjtrPjPrjEvmSumSnapEntityJobDaoImpl.java:56)
	at jp.co.ctc_g.pjnavi.cm.integration.mybatis.PjtrPjPrjEvmSumSnapEntityJobDaoImpl.insertOneNotNull(PjtrPjPrjEvmSumSnapEntityJobDaoImpl.java:24)
	at sun.reflect.NativeMethodAccessorImpl.invoke0(Native Method)
	at sun.reflect.NativeMethodAccessorImpl.invoke(NativeMethodAccessorImpl.java:57)
	at sun.reflect.DelegatingMethodAccessorImpl.invoke(DelegatingMethodAccessorImpl.java:43)
	at java.lang.reflect.Method.invoke(Method.java:601)
	at org.springframework.aop.support.AopUtils.invokeJoinpointUsingReflection(AopUtils.java:317)
	at org.springframework.aop.framework.ReflectiveMethodInvocation.invokeJoinpoint(ReflectiveMethodInvocation.java:183)
	at org.springframework.aop.framework.ReflectiveMethodInvocation.proceed(ReflectiveMethodInvocation.java:150)
	at jp.co.ctc_g.pjnavi.fw.logger.DaoParamLoggingInterceptor.invoke(DaoParamLoggingInterceptor.java:40)
	at org.springframework.aop.framework.ReflectiveMethodInvocation.proceed(ReflectiveMethodInvocation.java:172)
	at jp.co.ctc_g.pjnavi.fw.batch.util.DBCounterAdvice.invoke(DBCounterAdvice.java:17)
	at org.springframework.aop.framework.ReflectiveMethodInvocation.proceed(ReflectiveMethodInvocation.java:172)
	at jp.co.ctc_g.pjnavi.fw.profiler.MethodProfiler.invoke(MethodProfiler.java:27)
	at org.springframework.aop.framework.ReflectiveMethodInvocation.proceed(ReflectiveMethodInvocation.java:172)
	at jp.co.ctc_g.jfw.profill.ProfillInterceptor.invoke(ProfillInterceptor.java:55)
	at org.springframework.aop.framework.ReflectiveMethodInvocation.proceed(ReflectiveMethodInvocation.java:172)
	at org.springframework.aop.framework.adapter.ThrowsAdviceInterceptor.invoke(ThrowsAdviceInterceptor.java:124)
	at org.springframework.aop.framework.ReflectiveMethodInvocation.proceed(ReflectiveMethodInvocation.java:172)
	at org.springframework.aop.interceptor.ExposeInvocationInterceptor.invoke(ExposeInvocationInterceptor.java:90)
	at org.springframework.aop.framework.ReflectiveMethodInvocation.proceed(ReflectiveMethodInvocation.java:172)
	at org.springframework.aop.framework.JdkDynamicAopProxy.invoke(JdkDynamicAopProxy.java:204)
	at com.sun.proxy.$Proxy92.insertOneNotNull(Unknown Source)
	at jp.co.ctc_g.pjnavi.batch.pj.npjprg050.Jpjprg05009JobImpl.doExecute(Jpjprg05009JobImpl.java:261)
	at sun.reflect.NativeMethodAccessorImpl.invoke0(Native Method)
	at sun.reflect.NativeMethodAccessorImpl.invoke(NativeMethodAccessorImpl.java:57)
	at sun.reflect.DelegatingMethodAccessorImpl.invoke(DelegatingMethodAccessorImpl.java:43)
	at java.lang.reflect.Method.invoke(Method.java:601)
	at org.springframework.aop.support.AopUtils.invokeJoinpointUsingReflection(AopUtils.java:317)
	at org.springframework.aop.framework.ReflectiveMethodInvocation.invokeJoinpoint(ReflectiveMethodInvocation.java:183)
	at org.springframework.aop.framework.ReflectiveMethodInvocation.proceed(ReflectiveMethodInvocation.java:150)
	at jp.co.ctc_g.pjnavi.fw.profiler.MethodProfiler.invoke(MethodProfiler.java:27)
	at org.springframework.aop.framework.ReflectiveMethodInvocation.proceed(ReflectiveMethodInvocation.java:172)
	at jp.co.ctc_g.jfw.profill.ProfillInterceptor.invoke(ProfillInterceptor.java:55)
	at org.springframework.aop.framework.ReflectiveMethodInvocation.proceed(ReflectiveMethodInvocation.java:172)
	at jp.co.ctc_g.jfw.profill.util.TransactionTimeInterceptor.invoke(TransactionTimeInterceptor.java:49)
	at org.springframework.aop.framework.ReflectiveMethodInvocation.proceed(ReflectiveMethodInvocation.java:172)
	at org.springframework.transaction.interceptor.TransactionInterceptor.invoke(TransactionInterceptor.java:110)
	at org.springframework.aop.framework.ReflectiveMethodInvocation.proceed(ReflectiveMethodInvocation.java:172)
	at org.springframework.aop.interceptor.ExposeInvocationInterceptor.invoke(ExposeInvocationInterceptor.java:90)
	at org.springframework.aop.framework.ReflectiveMethodInvocation.proceed(ReflectiveMethodInvocation.java:172)
	at org.springframework.aop.framework.JdkDynamicAopProxy.invoke(JdkDynamicAopProxy.java:204)
	at com.sun.proxy.$Proxy25.doExecute(Unknown Source)
	at jp.co.ctc_g.pjnavi.fw.batch.job.JobExecutorImpl.exe(JobExecutorImpl.java:94)
	at jp.co.ctc_g.pjnavi.fw.batch.job.JobExecutorImpl.execute(JobExecutorImpl.java:45)
	at jp.co.ctc_g.pjnavi.fw.batch.operator.JobOperator.execute(JobOperator.java:114)
	at jp.co.ctc_g.pjnavi.fw.batch.operator.JobOperator.main(JobOperator.java:93)
Caused by: java.sql.SQLIntegrityConstraintViolationException: ORA-00001: 一意制約(PJ_TEST02.PK_PJTR_PJ_PRJ_EVM_SUM_SNAP)に反しています

	at oracle.jdbc.driver.SQLStateMapping.newSQLException(SQLStateMapping.java:85)
	at oracle.jdbc.driver.DatabaseError.newSQLException(DatabaseError.java:133)
	at oracle.jdbc.driver.DatabaseError.throwSqlException(DatabaseError.java:206)
	at oracle.jdbc.driver.T4CTTIoer.processError(T4CTTIoer.java:455)
	at oracle.jdbc.driver.T4CTTIoer.processError(T4CTTIoer.java:413)
	at oracle.jdbc.driver.T4C8Oall.receive(T4C8Oall.java:1035)
	at oracle.jdbc.driver.T4CPreparedStatement.doOall8(T4CPreparedStatement.java:194)
	at oracle.jdbc.driver.T4CPreparedStatement.executeForRows(T4CPreparedStatement.java:953)
	at oracle.jdbc.driver.OracleStatement.doExecuteWithTimeout(OracleStatement.java:1224)
	at oracle.jdbc.driver.OraclePreparedStatement.executeInternal(OraclePreparedStatement.java:3386)
	at oracle.jdbc.driver.OraclePreparedStatement.execute(OraclePreparedStatement.java:3487)
	at oracle.jdbc.driver.OraclePreparedStatementWrapper.execute(OraclePreparedStatementWrapper.java:1374)
	at org.apache.commons.dbcp.DelegatingPreparedStatement.execute(DelegatingPreparedStatement.java:169)
	at sun.reflect.NativeMethodAccessorImpl.invoke0(Native Method)
	at sun.reflect.NativeMethodAccessorImpl.invoke(NativeMethodAccessorImpl.java:57)
	at sun.reflect.DelegatingMethodAccessorImpl.invoke(DelegatingMethodAccessorImpl.java:43)
	at java.lang.reflect.Method.invoke(Method.java:601)
	at org.apache.ibatis.logging.jdbc.PreparedStatementLogger.invoke(PreparedStatementLogger.java:58)
	at com.sun.proxy.$Proxy168.execute(Unknown Source)
	at org.apache.ibatis.executor.statement.PreparedStatementHandler.update(PreparedStatementHandler.java:41)
	at org.apache.ibatis.executor.statement.RoutingStatementHandler.update(RoutingStatementHandler.java:66)
	at sun.reflect.NativeMethodAccessorImpl.invoke0(Native Method)
	at sun.reflect.NativeMethodAccessorImpl.invoke(NativeMethodAccessorImpl.java:57)
	at sun.reflect.DelegatingMethodAccessorImpl.invoke(DelegatingMethodAccessorImpl.java:43)
	at java.lang.reflect.Method.invoke(Method.java:601)
	at org.apache.ibatis.plugin.Plugin.invoke(Plugin.java:59)
	at com.sun.proxy.$Proxy166.update(Unknown Source)
	at org.apache.ibatis.executor.ReuseExecutor.doUpdate(ReuseExecutor.java:47)
	at org.apache.ibatis.executor.BaseExecutor.update(BaseExecutor.java:108)
	at org.apache.ibatis.executor.CachingExecutor.update(CachingExecutor.java:75)
	at org.apache.ibatis.session.defaults.DefaultSqlSession.update(DefaultSqlSession.java:145)
	at org.apache.ibatis.session.defaults.DefaultSqlSession.insert(DefaultSqlSession.java:134)
	at jp.co.ctc_g.jfw.core.jdbc.JxSqlSession.insert(JxSqlSession.java:259)
	at sun.reflect.NativeMethodAccessorImpl.invoke0(Native Method)
	at sun.reflect.NativeMethodAccessorImpl.invoke(NativeMethodAccessorImpl.java:57)
	at sun.reflect.DelegatingMethodAccessorImpl.invoke(DelegatingMethodAccessorImpl.java:43)
	at java.lang.reflect.Method.invoke(Method.java:601)
	at org.mybatis.spring.SqlSessionTemplate$SqlSessionInterceptor.invoke(SqlSessionTemplate.java:355)
	... 50 common frames omitted
 (PjtrPjPrjEvmSumSnapEntityJobDaoImpl.java@60)
2013-08-27 16:34:47,655 ERROR NPJPRG050 JPJPRG05006 exec:44185236 | EFW2010:スキップしたエンティティ:${0}
 (PjtrPjPrjEvmSumSnapEntityJobDaoImpl.java@61)
2013-08-27 16:34:47,676 ERROR NPJPRG050 JPJPRG05006 exec:44185236 | EFW2009:一意制約エラーが発生しましたが、スキップが指定されました。
org.springframework.dao.DuplicateKeyException: 
### Error updating database.  Cause: java.sql.SQLIntegrityConstraintViolationException: ORA-00001: 一意制約(PJ_TEST02.PK_PJTR_PJ_PRJ_EVM_SUM_SNAP)に反しています

### The error may involve jp.co.ctc_g.pjnavi.cm.integration.mybatis.PjtrPjPrjEvmSumSnapEntityJobDaoImpl.insertOne-Inline
### The error occurred while setting parameters
### SQL: /* jp.co.ctc_g.pjnavi.cm.integration.mybatis.PjtrPjPrjEvmSumSnapEntityJobDaoImpl.insertOne */     insert into PJTR_PJ_PRJ_EVM_SUM_SNAP (                     PRJ_CD,                   RPT_BSDT,                   SI_DEAL_CD,                   PLN_STR_DT,                   PLN_END_DT,                   RSLT_STR_DT,                               FCT_CMP_MNHOUR,                         SPI,                   CPI,                   ACC_RATE,                   PLN_ACC_RATE,                   BAC,                   PV,                   EV,                   AC,                   EAC,                   ETC,                   VAC,                   SV,                   CV,                   BAC_PRICE,                   PV_PRICE,                   EV_PRICE,                   AC_PRICE,                   EAC_PRICE,                   ETC_PRICE,                   VAC_PRICE,                   SV_PRICE,                   CV_PRICE,                   AC2_PRICE,                   EAC2_PRICE,                   ETC2_PRICE,                   VAC2_PRICE,                   CV2_PRICE,                   FCT_FLG,                   PLN_END_AF_FLG,                   CMP_AF_FLG,             DEL_FLG,       REG_TS,       REG_USR_ID,       REG_PGM_ID,       UPD_TS,       UPD_USR_ID,       UPD_PGM_ID,       VER_NO         ) values (                     ? ,                   ? ,                   ? ,                   ? ,                   ? ,                   ? ,                               ? ,                         ? ,                   ? ,                   ? ,                   ? ,                   ? ,                   ? ,                   ? ,                   ? ,                   ? ,                   ? ,                   ? ,                   ? ,                   ? ,                   ? ,                   ? ,                   ? ,                   ? ,                   ? ,                   ? ,                   ? ,                   ? ,                   ? ,                   ? ,                   ? ,                   ? ,                   ? ,                   ? ,                   ? ,                   ? ,                   ? ,                   '0',             ?,       ?,       ?,       ?,       ?,       ?,       1         )
### Cause: java.sql.SQLIntegrityConstraintViolationException: ORA-00001: 一意制約(PJ_TEST02.PK_PJTR_PJ_PRJ_EVM_SUM_SNAP)に反しています

; SQL []; ORA-00001: 一意制約(PJ_TEST02.PK_PJTR_PJ_PRJ_EVM_SUM_SNAP)に反しています
; nested exception is java.sql.SQLIntegrityConstraintViolationException: ORA-00001: 一意制約(PJ_TEST02.PK_PJTR_PJ_PRJ_EVM_SUM_SNAP)に反しています

	at org.springframework.jdbc.support.SQLErrorCodeSQLExceptionTranslator.doTranslate(SQLErrorCodeSQLExceptionTranslator.java:241)
	at org.springframework.jdbc.support.AbstractFallbackSQLExceptionTranslator.translate(AbstractFallbackSQLExceptionTranslator.java:72)
	at org.mybatis.spring.MyBatisExceptionTranslator.translateExceptionIfPossible(MyBatisExceptionTranslator.java:71)
	at org.mybatis.spring.SqlSessionTemplate$SqlSessionInterceptor.invoke(SqlSessionTemplate.java:365)
	at com.sun.proxy.$Proxy20.insert(Unknown Source)
	at org.mybatis.spring.SqlSessionTemplate.insert(SqlSessionTemplate.java:237)
	at jp.co.ctc_g.pjnavi.cm.integration.mybatis.PjtrPjPrjEvmSumSnapEntityJobDaoImpl.createInner(PjtrPjPrjEvmSumSnapEntityJobDaoImpl.java:131)
	at jp.co.ctc_g.pjnavi.cm.integration.mybatis.PjtrPjPrjEvmSumSnapEntityJobDaoImpl.insertOneNotNull(PjtrPjPrjEvmSumSnapEntityJobDaoImpl.java:56)
	at jp.co.ctc_g.pjnavi.cm.integration.mybatis.PjtrPjPrjEvmSumSnapEntityJobDaoImpl.insertOneNotNull(PjtrPjPrjEvmSumSnapEntityJobDaoImpl.java:24)
	at sun.reflect.NativeMethodAccessorImpl.invoke0(Native Method)
	at sun.reflect.NativeMethodAccessorImpl.invoke(NativeMethodAccessorImpl.java:57)
	at sun.reflect.DelegatingMethodAccessorImpl.invoke(DelegatingMethodAccessorImpl.java:43)
	at java.lang.reflect.Method.invoke(Method.java:601)
	at org.springframework.aop.support.AopUtils.invokeJoinpointUsingReflection(AopUtils.java:317)
	at org.springframework.aop.framework.ReflectiveMethodInvocation.invokeJoinpoint(ReflectiveMethodInvocation.java:183)
	at org.springframework.aop.framework.ReflectiveMethodInvocation.proceed(ReflectiveMethodInvocation.java:150)
	at jp.co.ctc_g.pjnavi.fw.logger.DaoParamLoggingInterceptor.invoke(DaoParamLoggingInterceptor.java:40)
	at org.springframework.aop.framework.ReflectiveMethodInvocation.proceed(ReflectiveMethodInvocation.java:172)
	at jp.co.ctc_g.pjnavi.fw.batch.util.DBCounterAdvice.invoke(DBCounterAdvice.java:17)
	at org.springframework.aop.framework.ReflectiveMethodInvocation.proceed(ReflectiveMethodInvocation.java:172)
	at jp.co.ctc_g.pjnavi.fw.profiler.MethodProfiler.invoke(MethodProfiler.java:27)
	at org.springframework.aop.framework.ReflectiveMethodInvocation.proceed(ReflectiveMethodInvocation.java:172)
	at jp.co.ctc_g.jfw.profill.ProfillInterceptor.invoke(ProfillInterceptor.java:55)
	at org.springframework.aop.framework.ReflectiveMethodInvocation.proceed(ReflectiveMethodInvocation.java:172)
	at org.springframework.aop.framework.adapter.ThrowsAdviceInterceptor.invoke(ThrowsAdviceInterceptor.java:124)
	at org.springframework.aop.framework.ReflectiveMethodInvocation.proceed(ReflectiveMethodInvocation.java:172)
	at org.springframework.aop.interceptor.ExposeInvocationInterceptor.invoke(ExposeInvocationInterceptor.java:90)
	at org.springframework.aop.framework.ReflectiveMethodInvocation.proceed(ReflectiveMethodInvocation.java:172)
	at org.springframework.aop.framework.JdkDynamicAopProxy.invoke(JdkDynamicAopProxy.java:204)
	at com.sun.proxy.$Proxy92.insertOneNotNull(Unknown Source)
	at jp.co.ctc_g.pjnavi.batch.pj.npjprg050.Jpjprg05009JobImpl.doExecute(Jpjprg05009JobImpl.java:261)
	at sun.reflect.NativeMethodAccessorImpl.invoke0(Native Method)
	at sun.reflect.NativeMethodAccessorImpl.invoke(NativeMethodAccessorImpl.java:57)
	at sun.reflect.DelegatingMethodAccessorImpl.invoke(DelegatingMethodAccessorImpl.java:43)
	at java.lang.reflect.Method.invoke(Method.java:601)
	at org.springframework.aop.support.AopUtils.invokeJoinpointUsingReflection(AopUtils.java:317)
	at org.springframework.aop.framework.ReflectiveMethodInvocation.invokeJoinpoint(ReflectiveMethodInvocation.java:183)
	at org.springframework.aop.framework.ReflectiveMethodInvocation.proceed(ReflectiveMethodInvocation.java:150)
	at jp.co.ctc_g.pjnavi.fw.profiler.MethodProfiler.invoke(MethodProfiler.java:27)
	at org.springframework.aop.framework.ReflectiveMethodInvocation.proceed(ReflectiveMethodInvocation.java:172)
	at jp.co.ctc_g.jfw.profill.ProfillInterceptor.invoke(ProfillInterceptor.java:55)
	at org.springframework.aop.framework.ReflectiveMethodInvocation.proceed(ReflectiveMethodInvocation.java:172)
	at jp.co.ctc_g.jfw.profill.util.TransactionTimeInterceptor.invoke(TransactionTimeInterceptor.java:49)
	at org.springframework.aop.framework.ReflectiveMethodInvocation.proceed(ReflectiveMethodInvocation.java:172)
	at org.springframework.transaction.interceptor.TransactionInterceptor.invoke(TransactionInterceptor.java:110)
	at org.springframework.aop.framework.ReflectiveMethodInvocation.proceed(ReflectiveMethodInvocation.java:172)
	at org.springframework.aop.interceptor.ExposeInvocationInterceptor.invoke(ExposeInvocationInterceptor.java:90)
	at org.springframework.aop.framework.ReflectiveMethodInvocation.proceed(ReflectiveMethodInvocation.java:172)
	at org.springframework.aop.framework.JdkDynamicAopProxy.invoke(JdkDynamicAopProxy.java:204)
	at com.sun.proxy.$Proxy25.doExecute(Unknown Source)
	at jp.co.ctc_g.pjnavi.fw.batch.job.JobExecutorImpl.exe(JobExecutorImpl.java:94)
	at jp.co.ctc_g.pjnavi.fw.batch.job.JobExecutorImpl.execute(JobExecutorImpl.java:45)
	at jp.co.ctc_g.pjnavi.fw.batch.operator.JobOperator.execute(JobOperator.java:114)
	at jp.co.ctc_g.pjnavi.fw.batch.operator.JobOperator.main(JobOperator.java:93)
Caused by: java.sql.SQLIntegrityConstraintViolationException: ORA-00001: 一意制約(PJ_TEST02.PK_PJTR_PJ_PRJ_EVM_SUM_SNAP)に反しています

	at oracle.jdbc.driver.SQLStateMapping.newSQLException(SQLStateMapping.java:85)
	at oracle.jdbc.driver.DatabaseError.newSQLException(DatabaseError.java:133)
	at oracle.jdbc.driver.DatabaseError.throwSqlException(DatabaseError.java:206)
	at oracle.jdbc.driver.T4CTTIoer.processError(T4CTTIoer.java:455)
	at oracle.jdbc.driver.T4CTTIoer.processError(T4CTTIoer.java:413)
	at oracle.jdbc.driver.T4C8Oall.receive(T4C8Oall.java:1035)
	at oracle.jdbc.driver.T4CPreparedStatement.doOall8(T4CPreparedStatement.java:194)
	at oracle.jdbc.driver.T4CPreparedStatement.executeForRows(T4CPreparedStatement.java:953)
	at oracle.jdbc.driver.OracleStatement.doExecuteWithTimeout(OracleStatement.java:1224)
	at oracle.jdbc.driver.OraclePreparedStatement.executeInternal(OraclePreparedStatement.java:3386)
	at oracle.jdbc.driver.OraclePreparedStatement.execute(OraclePreparedStatement.java:3487)
	at oracle.jdbc.driver.OraclePreparedStatementWrapper.execute(OraclePreparedStatementWrapper.java:1374)
	at org.apache.commons.dbcp.DelegatingPreparedStatement.execute(DelegatingPreparedStatement.java:169)
	at sun.reflect.NativeMethodAccessorImpl.invoke0(Native Method)
	at sun.reflect.NativeMethodAccessorImpl.invoke(NativeMethodAccessorImpl.java:57)
	at sun.reflect.DelegatingMethodAccessorImpl.invoke(DelegatingMethodAccessorImpl.java:43)
	at java.lang.reflect.Method.invoke(Method.java:601)
	at org.apache.ibatis.logging.jdbc.PreparedStatementLogger.invoke(PreparedStatementLogger.java:58)
	at com.sun.proxy.$Proxy168.execute(Unknown Source)
	at org.apache.ibatis.executor.statement.PreparedStatementHandler.update(PreparedStatementHandler.java:41)
	at org.apache.ibatis.executor.statement.RoutingStatementHandler.update(RoutingStatementHandler.java:66)
	at sun.reflect.NativeMethodAccessorImpl.invoke0(Native Method)
	at sun.reflect.NativeMethodAccessorImpl.invoke(NativeMethodAccessorImpl.java:57)
	at sun.reflect.DelegatingMethodAccessorImpl.invoke(DelegatingMethodAccessorImpl.java:43)
	at java.lang.reflect.Method.invoke(Method.java:601)
	at org.apache.ibatis.plugin.Plugin.invoke(Plugin.java:59)
	at com.sun.proxy.$Proxy166.update(Unknown Source)
	at org.apache.ibatis.executor.ReuseExecutor.doUpdate(ReuseExecutor.java:47)
	at org.apache.ibatis.executor.BaseExecutor.update(BaseExecutor.java:108)
	at org.apache.ibatis.executor.CachingExecutor.update(CachingExecutor.java:75)
	at org.apache.ibatis.session.defaults.DefaultSqlSession.update(DefaultSqlSession.java:145)
	at org.apache.ibatis.session.defaults.DefaultSqlSession.insert(DefaultSqlSession.java:134)
	at jp.co.ctc_g.jfw.core.jdbc.JxSqlSession.insert(JxSqlSession.java:259)
	at sun.reflect.NativeMethodAccessorImpl.invoke0(Native Method)
	at sun.reflect.NativeMethodAccessorImpl.invoke(NativeMethodAccessorImpl.java:57)
	at sun.reflect.DelegatingMethodAccessorImpl.invoke(DelegatingMethodAccessorImpl.java:43)
	at java.lang.reflect.Method.invoke(Method.java:601)
	at org.mybatis.spring.SqlSessionTemplate$SqlSessionInterceptor.invoke(SqlSessionTemplate.java:355)
	... 50 common frames omitted
 (PjtrPjPrjEvmSumSnapEntityJobDaoImpl.java@60)
2013-08-27 16:34:47,678 ERROR NPJPRG050 JPJPRG05006 exec:44185236 | EFW2010:スキップしたエンティティ:${0}
 (PjtrPjPrjEvmSumSnapEntityJobDaoImpl.java@61)
2013-08-27 16:34:58,854 ERROR NPJPRG060 JPJPRG06006 exec:65153283 | EFW2009:一意制約エラーが発生しましたが、スキップが指定されました。
org.springframework.dao.DuplicateKeyException: 
### Error updating database.  Cause: java.sql.SQLIntegrityConstraintViolationException: ORA-00001: 一意制約(PJ_TEST02.PK_PJTR_PJ_WBS_EVM_SUM_SNAP)に反しています

### The error may involve jp.co.ctc_g.pjnavi.cm.integration.mybatis.PjtrPjWbsEvmSumSnapEntityJobDaoImpl.insertOne-Inline
### The error occurred while setting parameters
### SQL: /* jp.co.ctc_g.pjnavi.cm.integration.mybatis.PjtrPjWbsEvmSumSnapEntityJobDaoImpl.insertOne */     insert into PJTR_PJ_WBS_EVM_SUM_SNAP (                     WBS_ID,                   RPT_BSDT,                   SI_DEAL_CD,                   PRJ_CD,                   PLN_STR_DT,                   PLN_END_DT,                   RSLT_STR_DT,                               FCT_CMP_MNHOUR,                   DELAY_DAYS,                   SPI,                   CPI,                   ACC_RATE,                   PLN_ACC_RATE,                   BAC,                   PV,                   EV,                   AC,                   EAC,                   ETC,                   VAC,                   SV,                   CV,                   BAC_PRICE,                   PV_PRICE,                   EV_PRICE,                   AC_PRICE,                   EAC_PRICE,                   ETC_PRICE,                   VAC_PRICE,                   SV_PRICE,                   CV_PRICE,                   FCT_FLG,                   PLN_END_AF_FLG,             DEL_FLG,       REG_TS,       REG_USR_ID,       REG_PGM_ID,       UPD_TS,       UPD_USR_ID,       UPD_PGM_ID,       VER_NO         ) values (                     ? ,                   ? ,                   ? ,                   ? ,                   ? ,                   ? ,                   ? ,                               ? ,                   ? ,                   ? ,                   ? ,                   ? ,                   ? ,                   ? ,                   ? ,                   ? ,                   ? ,                   ? ,                   ? ,                   ? ,                   ? ,                   ? ,                   ? ,                   ? ,                   ? ,                   ? ,                   ? ,                   ? ,                   ? ,                   ? ,                   ? ,                   ? ,                   ? ,                   '0',             ?,       ?,       ?,       ?,       ?,       ?,       1         )
### Cause: java.sql.SQLIntegrityConstraintViolationException: ORA-00001: 一意制約(PJ_TEST02.PK_PJTR_PJ_WBS_EVM_SUM_SNAP)に反しています

; SQL []; ORA-00001: 一意制約(PJ_TEST02.PK_PJTR_PJ_WBS_EVM_SUM_SNAP)に反しています
; nested exception is java.sql.SQLIntegrityConstraintViolationException: ORA-00001: 一意制約(PJ_TEST02.PK_PJTR_PJ_WBS_EVM_SUM_SNAP)に反しています

	at org.springframework.jdbc.support.SQLErrorCodeSQLExceptionTranslator.doTranslate(SQLErrorCodeSQLExceptionTranslator.java:241)
	at org.springframework.jdbc.support.AbstractFallbackSQLExceptionTranslator.translate(AbstractFallbackSQLExceptionTranslator.java:72)
	at org.mybatis.spring.MyBatisExceptionTranslator.translateExceptionIfPossible(MyBatisExceptionTranslator.java:71)
	at org.mybatis.spring.SqlSessionTemplate$SqlSessionInterceptor.invoke(SqlSessionTemplate.java:365)
	at com.sun.proxy.$Proxy20.insert(Unknown Source)
	at org.mybatis.spring.SqlSessionTemplate.insert(SqlSessionTemplate.java:237)
	at jp.co.ctc_g.pjnavi.cm.integration.mybatis.PjtrPjWbsEvmSumSnapEntityJobDaoImpl.createInner(PjtrPjWbsEvmSumSnapEntityJobDaoImpl.java:131)
	at jp.co.ctc_g.pjnavi.cm.integration.mybatis.PjtrPjWbsEvmSumSnapEntityJobDaoImpl.insertOneNotNull(PjtrPjWbsEvmSumSnapEntityJobDaoImpl.java:56)
	at jp.co.ctc_g.pjnavi.cm.integration.mybatis.PjtrPjWbsEvmSumSnapEntityJobDaoImpl.insertOneNotNull(PjtrPjWbsEvmSumSnapEntityJobDaoImpl.java:24)
	at sun.reflect.NativeMethodAccessorImpl.invoke0(Native Method)
	at sun.reflect.NativeMethodAccessorImpl.invoke(NativeMethodAccessorImpl.java:57)
	at sun.reflect.DelegatingMethodAccessorImpl.invoke(DelegatingMethodAccessorImpl.java:43)
	at java.lang.reflect.Method.invoke(Method.java:601)
	at org.springframework.aop.support.AopUtils.invokeJoinpointUsingReflection(AopUtils.java:317)
	at org.springframework.aop.framework.ReflectiveMethodInvocation.invokeJoinpoint(ReflectiveMethodInvocation.java:183)
	at org.springframework.aop.framework.ReflectiveMethodInvocation.proceed(ReflectiveMethodInvocation.java:150)
	at jp.co.ctc_g.pjnavi.fw.logger.DaoParamLoggingInterceptor.invoke(DaoParamLoggingInterceptor.java:40)
	at org.springframework.aop.framework.ReflectiveMethodInvocation.proceed(ReflectiveMethodInvocation.java:172)
	at jp.co.ctc_g.pjnavi.fw.batch.util.DBCounterAdvice.invoke(DBCounterAdvice.java:17)
	at org.springframework.aop.framework.ReflectiveMethodInvocation.proceed(ReflectiveMethodInvocation.java:172)
	at jp.co.ctc_g.pjnavi.fw.profiler.MethodProfiler.invoke(MethodProfiler.java:27)
	at org.springframework.aop.framework.ReflectiveMethodInvocation.proceed(ReflectiveMethodInvocation.java:172)
	at jp.co.ctc_g.jfw.profill.ProfillInterceptor.invoke(ProfillInterceptor.java:55)
	at org.springframework.aop.framework.ReflectiveMethodInvocation.proceed(ReflectiveMethodInvocation.java:172)
	at org.springframework.aop.framework.adapter.ThrowsAdviceInterceptor.invoke(ThrowsAdviceInterceptor.java:124)
	at org.springframework.aop.framework.ReflectiveMethodInvocation.proceed(ReflectiveMethodInvocation.java:172)
	at org.springframework.aop.interceptor.ExposeInvocationInterceptor.invoke(ExposeInvocationInterceptor.java:90)
	at org.springframework.aop.framework.ReflectiveMethodInvocation.proceed(ReflectiveMethodInvocation.java:172)
	at org.springframework.aop.framework.JdkDynamicAopProxy.invoke(JdkDynamicAopProxy.java:204)
	at com.sun.proxy.$Proxy95.insertOneNotNull(Unknown Source)
	at jp.co.ctc_g.pjnavi.batch.pj.npjprg060.Jpjprg06009JobImpl.doExecute(Jpjprg06009JobImpl.java:266)
	at sun.reflect.NativeMethodAccessorImpl.invoke0(Native Method)
	at sun.reflect.NativeMethodAccessorImpl.invoke(NativeMethodAccessorImpl.java:57)
	at sun.reflect.DelegatingMethodAccessorImpl.invoke(DelegatingMethodAccessorImpl.java:43)
	at java.lang.reflect.Method.invoke(Method.java:601)
	at org.springframework.aop.support.AopUtils.invokeJoinpointUsingReflection(AopUtils.java:317)
	at org.springframework.aop.framework.ReflectiveMethodInvocation.invokeJoinpoint(ReflectiveMethodInvocation.java:183)
	at org.springframework.aop.framework.ReflectiveMethodInvocation.proceed(ReflectiveMethodInvocation.java:150)
	at jp.co.ctc_g.pjnavi.fw.profiler.MethodProfiler.invoke(MethodProfiler.java:27)
	at org.springframework.aop.framework.ReflectiveMethodInvocation.proceed(ReflectiveMethodInvocation.java:172)
	at jp.co.ctc_g.jfw.profill.ProfillInterceptor.invoke(ProfillInterceptor.java:55)
	at org.springframework.aop.framework.ReflectiveMethodInvocation.proceed(ReflectiveMethodInvocation.java:172)
	at jp.co.ctc_g.jfw.profill.util.TransactionTimeInterceptor.invoke(TransactionTimeInterceptor.java:49)
	at org.springframework.aop.framework.ReflectiveMethodInvocation.proceed(ReflectiveMethodInvocation.java:172)
	at org.springframework.transaction.interceptor.TransactionInterceptor.invoke(TransactionInterceptor.java:110)
	at org.springframework.aop.framework.ReflectiveMethodInvocation.proceed(ReflectiveMethodInvocation.java:172)
	at org.springframework.aop.interceptor.ExposeInvocationInterceptor.invoke(ExposeInvocationInterceptor.java:90)
	at org.springframework.aop.framework.ReflectiveMethodInvocation.proceed(ReflectiveMethodInvocation.java:172)
	at org.springframework.aop.framework.JdkDynamicAopProxy.invoke(JdkDynamicAopProxy.java:204)
	at com.sun.proxy.$Proxy25.doExecute(Unknown Source)
	at jp.co.ctc_g.pjnavi.fw.batch.job.JobExecutorImpl.exe(JobExecutorImpl.java:94)
	at jp.co.ctc_g.pjnavi.fw.batch.job.JobExecutorImpl.execute(JobExecutorImpl.java:45)
	at jp.co.ctc_g.pjnavi.fw.batch.operator.JobOperator.execute(JobOperator.java:114)
	at jp.co.ctc_g.pjnavi.fw.batch.operator.JobOperator.main(JobOperator.java:93)
Caused by: java.sql.SQLIntegrityConstraintViolationException: ORA-00001: 一意制約(PJ_TEST02.PK_PJTR_PJ_WBS_EVM_SUM_SNAP)に反しています

	at oracle.jdbc.driver.SQLStateMapping.newSQLException(SQLStateMapping.java:85)
	at oracle.jdbc.driver.DatabaseError.newSQLException(DatabaseError.java:133)
	at oracle.jdbc.driver.DatabaseError.throwSqlException(DatabaseError.java:206)
	at oracle.jdbc.driver.T4CTTIoer.processError(T4CTTIoer.java:455)
	at oracle.jdbc.driver.T4CTTIoer.processError(T4CTTIoer.java:413)
	at oracle.jdbc.driver.T4C8Oall.receive(T4C8Oall.java:1035)
	at oracle.jdbc.driver.T4CPreparedStatement.doOall8(T4CPreparedStatement.java:194)
	at oracle.jdbc.driver.T4CPreparedStatement.executeForRows(T4CPreparedStatement.java:953)
	at oracle.jdbc.driver.OracleStatement.doExecuteWithTimeout(OracleStatement.java:1224)
	at oracle.jdbc.driver.OraclePreparedStatement.executeInternal(OraclePreparedStatement.java:3386)
	at oracle.jdbc.driver.OraclePreparedStatement.execute(OraclePreparedStatement.java:3487)
	at oracle.jdbc.driver.OraclePreparedStatementWrapper.execute(OraclePreparedStatementWrapper.java:1374)
	at org.apache.commons.dbcp.DelegatingPreparedStatement.execute(DelegatingPreparedStatement.java:169)
	at sun.reflect.NativeMethodAccessorImpl.invoke0(Native Method)
	at sun.reflect.NativeMethodAccessorImpl.invoke(NativeMethodAccessorImpl.java:57)
	at sun.reflect.DelegatingMethodAccessorImpl.invoke(DelegatingMethodAccessorImpl.java:43)
	at java.lang.reflect.Method.invoke(Method.java:601)
	at org.apache.ibatis.logging.jdbc.PreparedStatementLogger.invoke(PreparedStatementLogger.java:58)
	at com.sun.proxy.$Proxy168.execute(Unknown Source)
	at org.apache.ibatis.executor.statement.PreparedStatementHandler.update(PreparedStatementHandler.java:41)
	at org.apache.ibatis.executor.statement.RoutingStatementHandler.update(RoutingStatementHandler.java:66)
	at sun.reflect.NativeMethodAccessorImpl.invoke0(Native Method)
	at sun.reflect.NativeMethodAccessorImpl.invoke(NativeMethodAccessorImpl.java:57)
	at sun.reflect.DelegatingMethodAccessorImpl.invoke(DelegatingMethodAccessorImpl.java:43)
	at java.lang.reflect.Method.invoke(Method.java:601)
	at org.apache.ibatis.plugin.Plugin.invoke(Plugin.java:59)
	at com.sun.proxy.$Proxy166.update(Unknown Source)
	at org.apache.ibatis.executor.ReuseExecutor.doUpdate(ReuseExecutor.java:47)
	at org.apache.ibatis.executor.BaseExecutor.update(BaseExecutor.java:108)
	at org.apache.ibatis.executor.CachingExecutor.update(CachingExecutor.java:75)
	at org.apache.ibatis.session.defaults.DefaultSqlSession.update(DefaultSqlSession.java:145)
	at org.apache.ibatis.session.defaults.DefaultSqlSession.insert(DefaultSqlSession.java:134)
	at jp.co.ctc_g.jfw.core.jdbc.JxSqlSession.insert(JxSqlSession.java:259)
	at sun.reflect.NativeMethodAccessorImpl.invoke0(Native Method)
	at sun.reflect.NativeMethodAccessorImpl.invoke(NativeMethodAccessorImpl.java:57)
	at sun.reflect.DelegatingMethodAccessorImpl.invoke(DelegatingMethodAccessorImpl.java:43)
	at java.lang.reflect.Method.invoke(Method.java:601)
	at org.mybatis.spring.SqlSessionTemplate$SqlSessionInterceptor.invoke(SqlSessionTemplate.java:355)
	... 50 common frames omitted
 (PjtrPjWbsEvmSumSnapEntityJobDaoImpl.java@60)
2013-08-27 16:34:58,856 ERROR NPJPRG060 JPJPRG06006 exec:65153283 | EFW2010:スキップしたエンティティ:${0}
 (PjtrPjWbsEvmSumSnapEntityJobDaoImpl.java@61)
2013-08-27 16:34:58,875 ERROR NPJPRG060 JPJPRG06006 exec:65153283 | EFW2009:一意制約エラーが発生しましたが、スキップが指定されました。
org.springframework.dao.DuplicateKeyException: 
### Error updating database.  Cause: java.sql.SQLIntegrityConstraintViolationException: ORA-00001: 一意制約(PJ_TEST02.PK_PJTR_PJ_WBS_EVM_SUM_SNAP)に反しています

### The error may involve jp.co.ctc_g.pjnavi.cm.integration.mybatis.PjtrPjWbsEvmSumSnapEntityJobDaoImpl.insertOne-Inline
### The error occurred while setting parameters
### SQL: /* jp.co.ctc_g.pjnavi.cm.integration.mybatis.PjtrPjWbsEvmSumSnapEntityJobDaoImpl.insertOne */     insert into PJTR_PJ_WBS_EVM_SUM_SNAP (                     WBS_ID,                   RPT_BSDT,                   SI_DEAL_CD,                   PRJ_CD,                   PLN_STR_DT,                   PLN_END_DT,                   RSLT_STR_DT,                               FCT_CMP_MNHOUR,                         SPI,                   CPI,                   ACC_RATE,                   PLN_ACC_RATE,                   BAC,                   PV,                   EV,                   AC,                   EAC,                   ETC,                   VAC,                   SV,                   CV,                   BAC_PRICE,                   PV_PRICE,                   EV_PRICE,                   AC_PRICE,                   EAC_PRICE,                   ETC_PRICE,                   VAC_PRICE,                   SV_PRICE,                   CV_PRICE,                   FCT_FLG,                   PLN_END_AF_FLG,             DEL_FLG,       REG_TS,       REG_USR_ID,       REG_PGM_ID,       UPD_TS,       UPD_USR_ID,       UPD_PGM_ID,       VER_NO         ) values (                     ? ,                   ? ,                   ? ,                   ? ,                   ? ,                   ? ,                   ? ,                               ? ,                         ? ,                   ? ,                   ? ,                   ? ,                   ? ,                   ? ,                   ? ,                   ? ,                   ? ,                   ? ,                   ? ,                   ? ,                   ? ,                   ? ,                   ? ,                   ? ,                   ? ,                   ? ,                   ? ,                   ? ,                   ? ,                   ? ,                   ? ,                   ? ,                   '0',             ?,       ?,       ?,       ?,       ?,       ?,       1         )
### Cause: java.sql.SQLIntegrityConstraintViolationException: ORA-00001: 一意制約(PJ_TEST02.PK_PJTR_PJ_WBS_EVM_SUM_SNAP)に反しています

; SQL []; ORA-00001: 一意制約(PJ_TEST02.PK_PJTR_PJ_WBS_EVM_SUM_SNAP)に反しています
; nested exception is java.sql.SQLIntegrityConstraintViolationException: ORA-00001: 一意制約(PJ_TEST02.PK_PJTR_PJ_WBS_EVM_SUM_SNAP)に反しています

	at org.springframework.jdbc.support.SQLErrorCodeSQLExceptionTranslator.doTranslate(SQLErrorCodeSQLExceptionTranslator.java:241)
	at org.springframework.jdbc.support.AbstractFallbackSQLExceptionTranslator.translate(AbstractFallbackSQLExceptionTranslator.java:72)
	at org.mybatis.spring.MyBatisExceptionTranslator.translateExceptionIfPossible(MyBatisExceptionTranslator.java:71)
	at org.mybatis.spring.SqlSessionTemplate$SqlSessionInterceptor.invoke(SqlSessionTemplate.java:365)
	at com.sun.proxy.$Proxy20.insert(Unknown Source)
	at org.mybatis.spring.SqlSessionTemplate.insert(SqlSessionTemplate.java:237)
	at jp.co.ctc_g.pjnavi.cm.integration.mybatis.PjtrPjWbsEvmSumSnapEntityJobDaoImpl.createInner(PjtrPjWbsEvmSumSnapEntityJobDaoImpl.java:131)
	at jp.co.ctc_g.pjnavi.cm.integration.mybatis.PjtrPjWbsEvmSumSnapEntityJobDaoImpl.insertOneNotNull(PjtrPjWbsEvmSumSnapEntityJobDaoImpl.java:56)
	at jp.co.ctc_g.pjnavi.cm.integration.mybatis.PjtrPjWbsEvmSumSnapEntityJobDaoImpl.insertOneNotNull(PjtrPjWbsEvmSumSnapEntityJobDaoImpl.java:24)
	at sun.reflect.NativeMethodAccessorImpl.invoke0(Native Method)
	at sun.reflect.NativeMethodAccessorImpl.invoke(NativeMethodAccessorImpl.java:57)
	at sun.reflect.DelegatingMethodAccessorImpl.invoke(DelegatingMethodAccessorImpl.java:43)
	at java.lang.reflect.Method.invoke(Method.java:601)
	at org.springframework.aop.support.AopUtils.invokeJoinpointUsingReflection(AopUtils.java:317)
	at org.springframework.aop.framework.ReflectiveMethodInvocation.invokeJoinpoint(ReflectiveMethodInvocation.java:183)
	at org.springframework.aop.framework.ReflectiveMethodInvocation.proceed(ReflectiveMethodInvocation.java:150)
	at jp.co.ctc_g.pjnavi.fw.logger.DaoParamLoggingInterceptor.invoke(DaoParamLoggingInterceptor.java:40)
	at org.springframework.aop.framework.ReflectiveMethodInvocation.proceed(ReflectiveMethodInvocation.java:172)
	at jp.co.ctc_g.pjnavi.fw.batch.util.DBCounterAdvice.invoke(DBCounterAdvice.java:17)
	at org.springframework.aop.framework.ReflectiveMethodInvocation.proceed(ReflectiveMethodInvocation.java:172)
	at jp.co.ctc_g.pjnavi.fw.profiler.MethodProfiler.invoke(MethodProfiler.java:27)
	at org.springframework.aop.framework.ReflectiveMethodInvocation.proceed(ReflectiveMethodInvocation.java:172)
	at jp.co.ctc_g.jfw.profill.ProfillInterceptor.invoke(ProfillInterceptor.java:55)
	at org.springframework.aop.framework.ReflectiveMethodInvocation.proceed(ReflectiveMethodInvocation.java:172)
	at org.springframework.aop.framework.adapter.ThrowsAdviceInterceptor.invoke(ThrowsAdviceInterceptor.java:124)
	at org.springframework.aop.framework.ReflectiveMethodInvocation.proceed(ReflectiveMethodInvocation.java:172)
	at org.springframework.aop.interceptor.ExposeInvocationInterceptor.invoke(ExposeInvocationInterceptor.java:90)
	at org.springframework.aop.framework.ReflectiveMethodInvocation.proceed(ReflectiveMethodInvocation.java:172)
	at org.springframework.aop.framework.JdkDynamicAopProxy.invoke(JdkDynamicAopProxy.java:204)
	at com.sun.proxy.$Proxy95.insertOneNotNull(Unknown Source)
	at jp.co.ctc_g.pjnavi.batch.pj.npjprg060.Jpjprg06009JobImpl.doExecute(Jpjprg06009JobImpl.java:266)
	at sun.reflect.NativeMethodAccessorImpl.invoke0(Native Method)
	at sun.reflect.NativeMethodAccessorImpl.invoke(NativeMethodAccessorImpl.java:57)
	at sun.reflect.DelegatingMethodAccessorImpl.invoke(DelegatingMethodAccessorImpl.java:43)
	at java.lang.reflect.Method.invoke(Method.java:601)
	at org.springframework.aop.support.AopUtils.invokeJoinpointUsingReflection(AopUtils.java:317)
	at org.springframework.aop.framework.ReflectiveMethodInvocation.invokeJoinpoint(ReflectiveMethodInvocation.java:183)
	at org.springframework.aop.framework.ReflectiveMethodInvocation.proceed(ReflectiveMethodInvocation.java:150)
	at jp.co.ctc_g.pjnavi.fw.profiler.MethodProfiler.invoke(MethodProfiler.java:27)
	at org.springframework.aop.framework.ReflectiveMethodInvocation.proceed(ReflectiveMethodInvocation.java:172)
	at jp.co.ctc_g.jfw.profill.ProfillInterceptor.invoke(ProfillInterceptor.java:55)
	at org.springframework.aop.framework.ReflectiveMethodInvocation.proceed(ReflectiveMethodInvocation.java:172)
	at jp.co.ctc_g.jfw.profill.util.TransactionTimeInterceptor.invoke(TransactionTimeInterceptor.java:49)
	at org.springframework.aop.framework.ReflectiveMethodInvocation.proceed(ReflectiveMethodInvocation.java:172)
	at org.springframework.transaction.interceptor.TransactionInterceptor.invoke(TransactionInterceptor.java:110)
	at org.springframework.aop.framework.ReflectiveMethodInvocation.proceed(ReflectiveMethodInvocation.java:172)
	at org.springframework.aop.interceptor.ExposeInvocationInterceptor.invoke(ExposeInvocationInterceptor.java:90)
	at org.springframework.aop.framework.ReflectiveMethodInvocation.proceed(ReflectiveMethodInvocation.java:172)
	at org.springframework.aop.framework.JdkDynamicAopProxy.invoke(JdkDynamicAopProxy.java:204)
	at com.sun.proxy.$Proxy25.doExecute(Unknown Source)
	at jp.co.ctc_g.pjnavi.fw.batch.job.JobExecutorImpl.exe(JobExecutorImpl.java:94)
	at jp.co.ctc_g.pjnavi.fw.batch.job.JobExecutorImpl.execute(JobExecutorImpl.java:45)
	at jp.co.ctc_g.pjnavi.fw.batch.operator.JobOperator.execute(JobOperator.java:114)
	at jp.co.ctc_g.pjnavi.fw.batch.operator.JobOperator.main(JobOperator.java:93)
Caused by: java.sql.SQLIntegrityConstraintViolationException: ORA-00001: 一意制約(PJ_TEST02.PK_PJTR_PJ_WBS_EVM_SUM_SNAP)に反しています

	at oracle.jdbc.driver.SQLStateMapping.newSQLException(SQLStateMapping.java:85)
	at oracle.jdbc.driver.DatabaseError.newSQLException(DatabaseError.java:133)
	at oracle.jdbc.driver.DatabaseError.throwSqlException(DatabaseError.java:206)
	at oracle.jdbc.driver.T4CTTIoer.processError(T4CTTIoer.java:455)
	at oracle.jdbc.driver.T4CTTIoer.processError(T4CTTIoer.java:413)
	at oracle.jdbc.driver.T4C8Oall.receive(T4C8Oall.java:1035)
	at oracle.jdbc.driver.T4CPreparedStatement.doOall8(T4CPreparedStatement.java:194)
	at oracle.jdbc.driver.T4CPreparedStatement.executeForRows(T4CPreparedStatement.java:953)
	at oracle.jdbc.driver.OracleStatement.doExecuteWithTimeout(OracleStatement.java:1224)
	at oracle.jdbc.driver.OraclePreparedStatement.executeInternal(OraclePreparedStatement.java:3386)
	at oracle.jdbc.driver.OraclePreparedStatement.execute(OraclePreparedStatement.java:3487)
	at oracle.jdbc.driver.OraclePreparedStatementWrapper.execute(OraclePreparedStatementWrapper.java:1374)
	at org.apache.commons.dbcp.DelegatingPreparedStatement.execute(DelegatingPreparedStatement.java:169)
	at sun.reflect.NativeMethodAccessorImpl.invoke0(Native Method)
	at sun.reflect.NativeMethodAccessorImpl.invoke(NativeMethodAccessorImpl.java:57)
	at sun.reflect.DelegatingMethodAccessorImpl.invoke(DelegatingMethodAccessorImpl.java:43)
	at java.lang.reflect.Method.invoke(Method.java:601)
	at org.apache.ibatis.logging.jdbc.PreparedStatementLogger.invoke(PreparedStatementLogger.java:58)
	at com.sun.proxy.$Proxy168.execute(Unknown Source)
	at org.apache.ibatis.executor.statement.PreparedStatementHandler.update(PreparedStatementHandler.java:41)
	at org.apache.ibatis.executor.statement.RoutingStatementHandler.update(RoutingStatementHandler.java:66)
	at sun.reflect.NativeMethodAccessorImpl.invoke0(Native Method)
	at sun.reflect.NativeMethodAccessorImpl.invoke(NativeMethodAccessorImpl.java:57)
	at sun.reflect.DelegatingMethodAccessorImpl.invoke(DelegatingMethodAccessorImpl.java:43)
	at java.lang.reflect.Method.invoke(Method.java:601)
	at org.apache.ibatis.plugin.Plugin.invoke(Plugin.java:59)
	at com.sun.proxy.$Proxy166.update(Unknown Source)
	at org.apache.ibatis.executor.ReuseExecutor.doUpdate(ReuseExecutor.java:47)
	at org.apache.ibatis.executor.BaseExecutor.update(BaseExecutor.java:108)
	at org.apache.ibatis.executor.CachingExecutor.update(CachingExecutor.java:75)
	at org.apache.ibatis.session.defaults.DefaultSqlSession.update(DefaultSqlSession.java:145)
	at org.apache.ibatis.session.defaults.DefaultSqlSession.insert(DefaultSqlSession.java:134)
	at jp.co.ctc_g.jfw.core.jdbc.JxSqlSession.insert(JxSqlSession.java:259)
	at sun.reflect.NativeMethodAccessorImpl.invoke0(Native Method)
	at sun.reflect.NativeMethodAccessorImpl.invoke(NativeMethodAccessorImpl.java:57)
	at sun.reflect.DelegatingMethodAccessorImpl.invoke(DelegatingMethodAccessorImpl.java:43)
	at java.lang.reflect.Method.invoke(Method.java:601)
	at org.mybatis.spring.SqlSessionTemplate$SqlSessionInterceptor.invoke(SqlSessionTemplate.java:355)
	... 50 common frames omitted
 (PjtrPjWbsEvmSumSnapEntityJobDaoImpl.java@60)
2013-08-27 16:34:58,877 ERROR NPJPRG060 JPJPRG06006 exec:65153283 | EFW2010:スキップしたエンティティ:${0}
 (PjtrPjWbsEvmSumSnapEntityJobDaoImpl.java@61)
2013-08-27 21:15:23,140 ERROR NPJPRG040 JPJPRG04101 exec:71777987 | 予期しないエラーが発生しました。:予期しないエラーが発生しました。
java.lang.ArithmeticException: / by zero
	at java.math.BigDecimal.divideAndRound(BigDecimal.java:1424)
	at java.math.BigDecimal.divide(BigDecimal.java:1398)
	at jp.co.ctc_g.pjnavi.batch.pj.npjprg040.Jpjprg04109JobImpl.calculatePvInfo(Jpjprg04109JobImpl.java:557)
	at jp.co.ctc_g.pjnavi.batch.pj.npjprg040.Jpjprg04109JobImpl.doExecute(Jpjprg04109JobImpl.java:226)
	at sun.reflect.NativeMethodAccessorImpl.invoke0(Native Method)
	at sun.reflect.NativeMethodAccessorImpl.invoke(NativeMethodAccessorImpl.java:57)
	at sun.reflect.DelegatingMethodAccessorImpl.invoke(DelegatingMethodAccessorImpl.java:43)
	at java.lang.reflect.Method.invoke(Method.java:601)
	at org.springframework.aop.support.AopUtils.invokeJoinpointUsingReflection(AopUtils.java:317)
	at org.springframework.aop.framework.ReflectiveMethodInvocation.invokeJoinpoint(ReflectiveMethodInvocation.java:183)
	at org.springframework.aop.framework.ReflectiveMethodInvocation.proceed(ReflectiveMethodInvocation.java:150)
	at jp.co.ctc_g.pjnavi.fw.profiler.MethodProfiler.invoke(MethodProfiler.java:27)
	at org.springframework.aop.framework.ReflectiveMethodInvocation.proceed(ReflectiveMethodInvocation.java:172)
	at jp.co.ctc_g.jfw.profill.ProfillInterceptor.invoke(ProfillInterceptor.java:55)
	at org.springframework.aop.framework.ReflectiveMethodInvocation.proceed(ReflectiveMethodInvocation.java:172)
	at jp.co.ctc_g.jfw.profill.util.TransactionTimeInterceptor.invoke(TransactionTimeInterceptor.java:49)
	at org.springframework.aop.framework.ReflectiveMethodInvocation.proceed(ReflectiveMethodInvocation.java:172)
	at org.springframework.transaction.interceptor.TransactionInterceptor.invoke(TransactionInterceptor.java:110)
	at org.springframework.aop.framework.ReflectiveMethodInvocation.proceed(ReflectiveMethodInvocation.java:172)
	at org.springframework.aop.interceptor.ExposeInvocationInterceptor.invoke(ExposeInvocationInterceptor.java:90)
	at org.springframework.aop.framework.ReflectiveMethodInvocation.proceed(ReflectiveMethodInvocation.java:172)
	at org.springframework.aop.framework.JdkDynamicAopProxy.invoke(JdkDynamicAopProxy.java:204)
	at com.sun.proxy.$Proxy25.doExecute(Unknown Source)
	at jp.co.ctc_g.pjnavi.fw.batch.job.JobExecutorImpl.exe(JobExecutorImpl.java:94)
	at jp.co.ctc_g.pjnavi.fw.batch.job.JobExecutorImpl.execute(JobExecutorImpl.java:45)
	at jp.co.ctc_g.pjnavi.fw.batch.operator.JobOperator.execute(JobOperator.java:114)
	at jp.co.ctc_g.pjnavi.fw.batch.operator.JobOperator.main(JobOperator.java:93)
 (JobExecutorImpl.java@130)
